C51 COMPILER V9.00   KEYBOARD                                                              07/14/2020 23:58:34 PAGE 1   


C51 COMPILER V9.00, COMPILATION OF MODULE KEYBOARD
OBJECT MODULE PLACED IN .\Objects\keyboard.obj
COMPILER INVOKED BY: D:\Keil_v5\C51\BIN\C51.EXE keyboard.c OPTIMIZE(8,SPEED) BROWSE DEBUG OBJECTEXTEND PRINT(.\Listings\
                    -keyboard.lst) OBJECT(.\Objects\keyboard.obj)

line level    source

   1          #include <keyboard.h>
   2          
   3          unsigned char KEYstate=0;
   4          bit KEYdatasending=0;
   5          //键盘返回值
   6          
   7          unsigned char KEYscan()
   8          {
   9   1          unsigned char KEYc,KEYr,KEYp4;
  10   1          unsigned char KEYvalue,KEYbit;
  11   1      //state0未按下，1按下，2判断完，检测是否放开
  12   1          KEY=0xf0;
  13   1          P42=1;P44=1;
  14   1          KEYr=KEY;
  15   1          KEYp4=P44;
  16   1          KEYp4=KEYp4<<1;
  17   1          KEYp4=KEYp4|P42;
  18   1          KEYp4=KEYp4<<6;
  19   1          KEYp4=KEYp4|0x3f;
  20   1          KEYr=KEY&0xf0;
  21   1          KEYr=KEYr&KEYp4;
  22   1      
  23   1          KEY=0x0f;
  24   1          P42=0;P44=0;
  25   1          KEYc=KEY;
  26   1          KEYc=KEY&0x0f;
  27   1          KEYbit=KEYr|KEYc;
  28   1      
  29   1          switch(KEYstate)
  30   1          {
  31   2              case key_state0:
  32   2                  if(KEYbit!=0xff)
  33   2                  {KEYstate=key_state1;}break;
  34   2              case key_state1:
  35   2                  if(KEYbit==0xff)
  36   2                  {KEYstate=key_state0;}
  37   2                  else
  38   2                  {
  39   3                      switch(KEYbit)
  40   3                      {        case 0xee: KEYvalue=0;break;
  41   4                                           case 0xde: KEYvalue=1;break;
  42   4                                           case 0xbe: KEYvalue=2;break;
  43   4                                           case 0x7e: KEYvalue=3;break;
  44   4                                           case 0xed: KEYvalue=4;break;
  45   4                                           case 0xdd: KEYvalue=5;break;
  46   4                                           case 0xbd: KEYvalue=6;break;
  47   4                                           case 0x7d: KEYvalue=7;break;
  48   4                                           case 0xeb: KEYvalue=8;break;
  49   4                                           case 0xdb: KEYvalue=9;break;
  50   4                                           case 0xbb: KEYvalue=10;break;
  51   4                                           case 0x7b: KEYvalue=11;break;
  52   4                                           case 0xe7: KEYvalue=12;break;
  53   4                                           case 0xd7: KEYvalue=13;break;
  54   4                                           case 0xb7: KEYvalue=14;break;
C51 COMPILER V9.00   KEYBOARD                                                              07/14/2020 23:58:34 PAGE 2   

  55   4                                           case 0x77: KEYvalue=15;break;
  56   4                      }
  57   3                  KEYstate=key_state2;
  58   3                  }
  59   2              break;
  60   2              case key_state2:
  61   2                  if(KEYbit==0xff)
  62   2                  {KEYstate=key_state0;}
  63   2              break;
  64   2          }
  65   1          return KEYvalue;
  66   1      }


MODULE INFORMATION:   STATIC OVERLAYABLE
   CODE SIZE        =    247    ----
   CONSTANT SIZE    =   ----    ----
   XDATA SIZE       =   ----    ----
   PDATA SIZE       =   ----    ----
   DATA SIZE        =      1       2
   IDATA SIZE       =   ----    ----
   BIT SIZE         =      1    ----
END OF MODULE INFORMATION.


C51 COMPILATION COMPLETE.  0 WARNING(S),  0 ERROR(S)
