C51 COMPILER V9.00   MAIN                                                                  07/14/2020 23:58:34 PAGE 1   


C51 COMPILER V9.00, COMPILATION OF MODULE MAIN
OBJECT MODULE PLACED IN .\Objects\main.obj
COMPILER INVOKED BY: D:\Keil_v5\C51\BIN\C51.EXE main.c OPTIMIZE(8,SPEED) BROWSE DEBUG OBJECTEXTEND PRINT(.\Listings\main
                    -.lst) OBJECT(.\Objects\main.obj)

line level    source

   1          #include "STC15F2K60S2.h"       
   2          #include <intrins.h>
   3          #include <CT107init.h>
   4          #include <smg.h>
   5          #include <keyboard.h>
   6          #include <password.h>
   7          
   8          void PASSWORDresetKEY(unsigned char ii);
   9          
  10          unsigned char i=0;
  11          unsigned char keydat;
  12          unsigned char PandB[7]={0,0,0,0,0,0,0};
  13          
  14          
  15          void t2int() interrupt 12           //中断入口
  16          {
  17   1        keydat=KEYscan();
  18   1        IE2 &= ~0x04;                   //若需要手动清除中断标志,可先关闭中断,此时系统会自动清除内部的中断标志
  19   1        IE2 |= 0x04;                    //然后再开中断即可
  20   1      //  keydat=1;
  21   1        if(KEYstate==1){PASSWORDbit++;KEYdatasending=1;}
  22   1      }
  23          
  24          void Timer2Init(void)           //10毫秒@22.1184MHz
  25          {
  26   1              AUXR &= 0xFB;           //定时器时钟12T模式
  27   1              T2L = 0x00;             //设置定时初值
  28   1              T2H = 0xB8;             //设置定时初值
  29   1              AUXR |= 0x10;           //定时器2开始计时
  30   1      
  31   1          IE2 |= 0x04;                    //开定时器2中断
  32   1          EA = 1;
  33   1      
  34   1          keydat=0;
  35   1      }
  36          
  37          
  38          
  39          void MAINdelay(unsigned int t)
  40          {
  41   1          while(t--);
  42   1      }
  43          
  44          void main()
  45          {
  46   1          unsigned char ii;
  47   1          PASSWORDinit(1,1,4,5,1,4);
  48   1          Timer2Init();
  49   1          P3M0 = 0x00;
  50   1          P3M1 = 0x00;
  51   1          CT107init();
  52   1          SMGinit();
  53   1          LEDbit(0xff);
  54   1          while(1)
C51 COMPILER V9.00   MAIN                                                                  07/14/2020 23:58:34 PAGE 2   

  55   1          {
  56   2          i=PASSWORDcompareresult();
  57   2          PandB[PASSWORDbit]=keydat;
  58   2          SGMdynamic(16,16,PandB[1],PandB[2],PandB[3],PandB[4],PandB[5],PandB[6]);
  59   2      
  60   2          if(PASSWORDbit==6&&PASSWORDtruebit==6)
  61   2              {LEDbit(0x00);}
  62   2          else{LEDbit(0xff);}
  63   2      
  64   2      
  65   2          PASSWORDresetKEY(15);
  66   2      
  67   2      
  68   2          if(PASSWORDtruebit>=7){PASSWORDtruebit=0;}
  69   2          if(PASSWORDbit>=7){PASSWORDbit=1;PASSWORDtruebit=0;}
  70   2          }
  71   1      }
*** WARNING C280 IN LINE 46 OF MAIN.C: 'ii': unreferenced local variable
  72          
  73          
  74          void PASSWORDresetKEY(unsigned char ii)
  75          {
  76   1          if(ii==keydat)
  77   1          {
  78   2              keydat=0;PASSWORDbit=1;PASSWORDtruebit=0;
  79   2              for(ii=0;ii<=6;ii++){PandB[ii]=0;}
  80   2          }
  81   1      }


MODULE INFORMATION:   STATIC OVERLAYABLE
   CODE SIZE        =    256    ----
   CONSTANT SIZE    =   ----    ----
   XDATA SIZE       =   ----    ----
   PDATA SIZE       =   ----    ----
   DATA SIZE        =      9       1
   IDATA SIZE       =   ----    ----
   BIT SIZE         =   ----    ----
END OF MODULE INFORMATION.


C51 COMPILATION COMPLETE.  1 WARNING(S),  0 ERROR(S)
