C51 COMPILER V9.00   PASSWORD                                                              07/14/2020 23:58:34 PAGE 1   


C51 COMPILER V9.00, COMPILATION OF MODULE PASSWORD
OBJECT MODULE PLACED IN .\Objects\password.obj
COMPILER INVOKED BY: D:\Keil_v5\C51\BIN\C51.EXE password.c OPTIMIZE(8,SPEED) BROWSE DEBUG OBJECTEXTEND PRINT(.\Listings\
                    -password.lst) OBJECT(.\Objects\password.obj)

line level    source

   1          #include <password.h>
   2          
   3          unsigned char PASSWORDbit=0;
   4          unsigned char PASSWORDtruebit=0;
   5          unsigned char Pbit[6]={0,0,0,0,0,0};
   6          
   7          void PASSWORDinit(unsigned char Pbit1,unsigned char Pbit2,unsigned char Pbit3,
   8          unsigned char Pbit4,unsigned char Pbit5,unsigned char Pbit6)
   9          { 
  10   1          PASSWORDbit=0;
  11   1          PASSWORDtruebit=0;
  12   1          KEYdatasending=0;
  13   1          Pbit[0]=Pbit1;
  14   1          Pbit[1]=Pbit2;
  15   1          Pbit[2]=Pbit3;
  16   1          Pbit[3]=Pbit4;
  17   1          Pbit[4]=Pbit5;
  18   1          Pbit[5]=Pbit6;
  19   1      }
  20          
  21          unsigned char PASSWORDcompareresult()
  22          {
  23   1          if(PASSWORDtruebit==7){PASSWORDtruebit=0;}
  24   1          switch(PASSWORDbit)
  25   1          {
  26   2              case 0:PASSWORDtruebit=0;break;
  27   2              case 1:if(keydat==Pbit[0]){if(KEYdatasending==1){PASSWORDtruebit++;KEYdatasending=0;}}break;
  28   2              case 2:if(keydat==Pbit[1]){if(KEYdatasending==1){PASSWORDtruebit++;KEYdatasending=0;}}break;
  29   2              case 3:if(keydat==Pbit[2]){if(KEYdatasending==1){PASSWORDtruebit++;KEYdatasending=0;}}break;
  30   2              case 4:if(keydat==Pbit[3]){if(KEYdatasending==1){PASSWORDtruebit++;KEYdatasending=0;}}break;
  31   2              case 5:if(keydat==Pbit[4]){if(KEYdatasending==1){PASSWORDtruebit++;KEYdatasending=0;}}break;
  32   2              case 6:if(keydat==Pbit[5]){if(KEYdatasending==1){PASSWORDtruebit++;KEYdatasending=0;}}break;
  33   2          }
  34   1      //    if(PASSWORDtruebit==5){return 1;}
  35   1      //    else {return 0;}
  36   1          if(KEYdatasending==0){return 15;}
  37   1          return PASSWORDtruebit;
  38   1      }
  39          
  40          
  41          
  42          
  43          


MODULE INFORMATION:   STATIC OVERLAYABLE
   CODE SIZE        =    146    ----
   CONSTANT SIZE    =   ----    ----
   XDATA SIZE       =   ----    ----
   PDATA SIZE       =   ----    ----
   DATA SIZE        =      8       6
   IDATA SIZE       =   ----    ----
   BIT SIZE         =   ----    ----
END OF MODULE INFORMATION.

C51 COMPILER V9.00   PASSWORD                                                              07/14/2020 23:58:34 PAGE 2   


C51 COMPILATION COMPLETE.  0 WARNING(S),  0 ERROR(S)
